<?xml version="1.0" encoding="UTF-8"?>
<!-- Generated by org.testng.reporters.JUnitReportReporter -->
<testsuite hostname="DESKTOP-F40K6F0" failures="0" tests="1" name="ejemplo.NewTest" time="0.874" errors="0" timestamp="2023-02-28T18:01:43 CET" skipped="0">
  <testcase classname="ejemplo.NewTest" name="test" time="0.874"/>
  <system-out/>
</testsuite> <!-- ejemplo.NewTest -->
