<?xml version="1.0" encoding="UTF-8"?>
<!-- Generated by org.testng.reporters.JUnitReportReporter -->
<testsuite hostname="pc-casa" failures="0" tests="1" name="ejemplo.NewTest" time="0.743" errors="0" timestamp="2023-03-01T08:57:32 CET" skipped="0">
  <testcase classname="ejemplo.NewTest" name="test" time="0.743"/>
  <system-out/>
</testsuite> <!-- ejemplo.NewTest -->
